
[#2 (F:130.025 L:-26 E:0) 16/04/2018 17:37:26.426 --------------------------------
Mode : 2 Label : _d Id : M Ack : 4
Aircraft reg: N703UW Flight id: 
No:     

[#1 (F:131.550 L:-24 E:0) 16/04/2018 17:37:30.931 --------------------------------
Mode : 2 Label : :; Id : B Nak
Aircraft reg: N409MR Flight id: 
No:     
131825

[#2 (F:130.025 L:-26 E:0) 16/04/2018 17:37:34.782 --------------------------------
Mode : 2 Label : _d Id : G Ack : 8
Aircraft reg: N62896 Flight id: 
No:     

[#1 (F:131.550 L:-25 E:0) 16/04/2018 17:37:36.829 --------------------------------
Mode : 2 Label : _d Id : O Ack : 0
Aircraft reg: N830AW Flight id: 
No:     

[#1 (F:131.550 L:-24 E:0) 16/04/2018 17:37:42.891 --------------------------------
Mode : 2 Label : :; Id : P Ack : 1
Aircraft reg: N830AW Flight id: 
No:     
129125

[#2 (F:130.025 L:-26 E:0) 16/04/2018 17:37:45.350 --------------------------------
Mode : 2 Label : _d Id : H Ack : 9
Aircraft reg: N62896 Flight id: 
No:     

[#2 (F:130.025 L:-26 E:0) 16/04/2018 17:37:51.412 --------------------------------
Mode : 2 Label : _d Id : I Ack : 0
Aircraft reg: N62896 Flight id: 
No:     

[#2 (F:130.025 L:-26 E:0) 16/04/2018 17:37:52.804 --------------------------------
Mode : 2 Label : _d Id : R Ack : 9
Aircraft reg: N926UW Flight id: 
No:     

[#2 (F:130.025 L:-26 E:0) 16/04/2018 17:38:07.795 --------------------------------
Mode : 2 Label : _d Id : J Ack : 1
Aircraft reg: N62896 Flight id: 
No:     

[#2 (F:130.025 L:-26 E:1) 16/04/2018 17:38:08.778 --------------------------------
Mode : 2 Label : _d Id : O Ack : 5
Aircraft reg: N915US Flight id: 
No:     

[#2 (F:130.025 L:-26 E:0) 16/04/2018 17:38:13.612 --------------------------------
Mode : 2 Label : _d Id : K Ack : 2
Aircraft reg: N62896 Flight id: 
No:     

[#2 (F:130.025 L:-26 E:0) 16/04/2018 17:38:15.331 --------------------------------
Mode : 2 Label : _d Id : P Ack : 6
Aircraft reg: N915US Flight id: 
No:     

[#2 (F:130.025 L:-25 E:0) 16/04/2018 17:38:18.199 --------------------------------
Mode : 2 Label : :; Id : N Ack : 7
Aircraft reg: XA-VAM Flight id: 
No:     
129125

[#2 (F:130.025 L:-26 E:2) 16/04/2018 17:38:21.967 --------------------------------
Mode : 2 Label : _d Id : Q Ack : 7
Aircraft reg: N915US Flight id: 
No:     

[#2 (F:130.025 L:-26 E:0) 16/04/2018 17:38:24.670 --------------------------------
Mode : 2 Label : _d Id : P Ack : 9
Aircraft reg: N260WN Flight id: 
No:     

[#2 (F:130.025 L:-26 E:0) 16/04/2018 17:38:26.063 --------------------------------
Mode : 2 Label : :; Id : N Ack : 7
Aircraft reg: XA-VAM Flight id: 
No:     
129125

[#2 (F:130.025 L:-26 E:0) 16/04/2018 17:38:27.947 --------------------------------
Mode : 2 Label : _d Id : R Ack : 8
Aircraft reg: N915US Flight id: 
No:     

[#2 (F:130.025 L:-25 E:1) 16/04/2018 17:38:58.830 --------------------------------
Mode : 2 Label : 40 Id : F Ack : 5
Aircraft reg: N200UU Flight id: 
No:     
FLT 0465 SAN TO PHX       16APR/1738Z
MSG NBR-N/A                            
POSN-N/A                               
ARM-2522230D                           
PASSENGER SEAT TRAY TABLE DIFFICULT TO 
STOW/REQUIRES    
ETB

[#2 (F:130.025 L:-26 E:1) 16/04/2018 17:39:12.757 --------------------------------
Mode : 2 Label : _d Id : C Ack : 0
Aircraft reg: N8564Z Flight id: 
No:     

[#2 (F:130.025 L:-25 E:3) 16/04/2018 17:39:16.034 --------------------------------
Mode : 2 Label : 40 Id : G Nak
Aircraft reg: N200UU Flight id: 
No:     
  ADJUSTMENT...SEE    
LAST 3 DIGITS OF ARM CODE FOR SEAT     
   


[#2 (F:130.025 L:-26 E:0) 16/04/2018 17:40:11.410 --------------------------------
Mode : 2 Label : _d Id : E Ack : 2
Aircraft reg: N8564Z Flight id: 
No:     

[#2 (F:130.025 L:-26 E:0) 16/04/2018 17:40:26.892 --------------------------------
Mode : 2 Label : _d Id : F Ack : 3
Aircraft reg: N8564Z Flight id: 
No:     

[#2 (F:130.025 L:-26 E:0) 16/04/2018 17:40:32.790 --------------------------------
Mode : 2 Label : _d Id : G Ack : 4
Aircraft reg: N8564Z Flight id: 
No:     

[#1 (F:131.550 L:-24 E:1) 16/04/2018 17:41:41.878 --------------------------------
Mode : 2 Label : _d Id : C Ack : 6
Aircraft reg: N203UW Flight id: 
No:     

[#2 (F:130.025 L:-25 E:0) 16/04/2018 17:42:24.967 --------------------------------
Mode : 2 Label : _d Id : W Ack : 3
Aircraft reg: N915US Flight id: 
No:     

[#2 (F:130.025 L:-27 E:1) 16/04/2018 17:42:31.848 --------------------------------
Mode : 2 Label : _d Id : T Ack : 6
Aircraft reg: N769US Flight id: 
No:     

[#2 (F:130.025 L:-27 E:0) 16/04/2018 17:42:34.633 --------------------------------
Mode : 2 Label : _d Id : D Ack : 2
Aircraft reg: N926AN Flight id: 
No:     

[#2 (F:130.025 L:-26 E:0) 16/04/2018 17:43:20.644 --------------------------------
Mode : 2 Label : _d Id : M Ack : 9
Aircraft reg: N647AW Flight id: 
No:     

[#2 (F:130.025 L:-26 E:0) 16/04/2018 17:43:24.879 --------------------------------
Mode : 2 Label : :; Id : B Nak
Aircraft reg: N652AW Flight id: 
No:     
131550

[#2 (F:130.025 L:-26 E:0) 16/04/2018 17:43:35.422 --------------------------------
Mode : 2 Label : _d Id : N Ack : 9
Aircraft reg: N647AW Flight id: 
No:     

[#2 (F:130.025 L:-26 E:0) 16/04/2018 17:43:43.038 --------------------------------
Mode : 2 Label : _d Id : S Ack : 0
Aircraft reg: N926UW Flight id: 
No:     

[#1 (F:131.550 L:-23 E:1) 16/04/2018 17:43:45.089 --------------------------------
Mode : 2 Label : 40 Id : F Ack : 9
Aircraft reg: N830AW Flight id: 
No:     
FLIGHT 0579/16 PHX -MKE 
PDC
AAL579  XPNDR 4177
A319/L      P1800  370
 
KPHX YOTES5 JARPA RSK BRK OBH
J128 JORDY OGECA GOPAC2 KMKE
 
CLEARED YOTES5 DEPARTURE JARPA TRSN
  MAINTAIN 8000FT
EXP 370 3 MIN AFT DP,D
ETB

[#2 (F:130.025 L:-27 E:0) 16/04/2018 17:43:49.764 --------------------------------
Mode : 2 Label : _d Id : T Ack : 1
Aircraft reg: N926UW Flight id: 
No:     

[#1 (F:131.550 L:-24 E:0) 16/04/2018 17:43:53.290 --------------------------------
Mode : 2 Label : :; Id : G Nak
Aircraft reg: N830AW Flight id: 
No:     
129125

[#2 (F:130.025 L:-27 E:0) 16/04/2018 17:43:55.750 --------------------------------
Mode : 2 Label : _d Id : U Ack : 2
Aircraft reg: N926UW Flight id: 
No:     

[#2 (F:130.025 L:-25 E:1) 16/04/2018 17:44:01.652 --------------------------------
Mode : 2 Label : A9 Id : G Nak
Aircraft reg: XA-MTY Flight id: 
No:     
23.82. ...ADVS YOU
HAVE INFO Y.E0F5


[#2 (F:130.025 L:-27 E:0) 16/04/2018 17:44:08.289 --------------------------------
Mode : 2 Label : _d Id : V Ack : 3
Aircraft reg: N926UW Flight id: 
No:     

[#2 (F:130.025 L:-24 E:0) 16/04/2018 17:44:35.158 --------------------------------
Mode : 2 Label : Q0 Id : 3 Nak
Aircraft reg: N923US Flight id: US2070
No: S35A

[#2 (F:130.025 L:-26 E:0) 16/04/2018 17:44:39.580 --------------------------------
Mode : 2 Label : _d Id : N Ack : 0
Aircraft reg: N447EC Flight id: 
No:     

[#2 (F:130.025 L:-27 E:0) 16/04/2018 17:44:40.563 --------------------------------
Mode : 2 Label : _d Id : O Ack : 3
Aircraft reg: N923US Flight id: 
No:     

[#1 (F:131.550 L:-23 E:2) 16/04/2018 17:44:42.610 --------------------------------
Mode : 2 Label : 41 Id : D Nak
Aircraft reg: N203UW Flight id: 
No:     
4439
****LOAD PLANNING NOTIFICATION****                        
YOUR LOAD CLOSEOUT HAS BEEN DELETED AND IS IN THE PROCESS 
OF BEING UPDATED. REQUEST NEW LOAD CLOSEOUT DATA PRIOR TO 
TAKEOFF.
WT AND BAL PLANNING - L0
ETB

[#1 (F:131.550 L:-23 E:0) 16/04/2018 17:44:49.981 --------------------------------
Mode : 2 Label : 41 Id : E Ack : 8
Aircraft reg: N203UW Flight id: 
No:     
18
PLZ ACK MSG NO. (4439)
 END


[#1 (F:131.550 L:-25 E:0) 16/04/2018 17:44:56.943 --------------------------------
Mode : 2 Label : _d Id : F Ack : 9
Aircraft reg: N203UW Flight id: 
No:     

[#2 (F:130.025 L:-26 E:0) 16/04/2018 17:44:59.810 --------------------------------
Mode : 2 Label : _d Id : W Ack : 4
Aircraft reg: N926UW Flight id: 
No:     

[#1 (F:131.550 L:-25 E:2) 16/04/2018 17:45:03.413 --------------------------------
Mode : 2 Label : _d Id : G Ack : 0
Aircraft reg: N203UW Flight id: 
No:     

[#2 (F:130.025 L:-26 E:0) 16/04/2018 17:45:04.724 --------------------------------
Mode : 2 Label : _d Id : P Ack : 4
Aircraft reg: N923US Flight id: 
No:     

[#2 (F:130.025 L:-11 E:0) 16/04/2018 17:45:05.134 --------------------------------
Mode : 2 Label : H1 Id : 5 Nak
Aircraft reg: N923US Flight id: US2070
No: D44B
#DFB75/N201,00,00,00,00,00,01,00,5845,5840/S11523,5875,0930,0946,1090,1609,1523/S21525,5840,0927,0945,1081,1609,1523/T14340,5690,026,14828,0306,22722/T24306,5687,018,14816,0309,22609/V103D01,00408,08000,208,109
ETB

[#2 (F:130.025 L:-27 E:0) 16/04/2018 17:45:06.526 --------------------------------
Mode : 2 Label : _d Id : L Ack : 6
Aircraft reg: N927UW Flight id: 
No:     

[#2 (F:130.025 L:-27 E:0) 16/04/2018 17:45:12.340 --------------------------------
Mode : 2 Label : _d Id : Q Ack : 5
Aircraft reg: N923US Flight id: 
No:     

[#2 (F:130.025 L:-20 E:0) 16/04/2018 17:45:12.668 --------------------------------
Mode : 2 Label : H1 Id : 6 Nak
Aircraft reg: N923US Flight id: US2070
No: D44C
#DFB,0230,1,1/V203D01,00408,08000,229,105,0187,1,1/V3010,000,090,XXX,3515,0/V4012,002,258,XXX,3493,0/

[#2 (F:130.025 L:-26 E:0) 16/04/2018 17:45:18.564 --------------------------------
Mode : 2 Label : _d Id : R Ack : 6
Aircraft reg: N923US Flight id: 
No:     

[#2 (F:130.025 L:-22 E:0) 16/04/2018 17:45:26.427 --------------------------------
Mode : 2 Label : Q0 Id : 1 Nak
Aircraft reg: N765US Flight id: US0634
No: S14A

[#2 (F:130.025 L:-26 E:0) 16/04/2018 17:45:31.832 --------------------------------
Mode : 2 Label : _d Id : F Ack : 1
Aircraft reg: N765US Flight id: 
No:     

[#2 (F:130.025 L:-26 E:0) 16/04/2018 17:45:37.566 --------------------------------
Mode : 2 Label : _d Id : V Ack : 8
Aircraft reg: N769US Flight id: 
No:     

[#1 (F:131.550 L:-23 E:0) 16/04/2018 17:45:44.363 --------------------------------
Mode : 2 Label : 40 Id : K Nak
Aircraft reg: N203UW Flight id: 
No:     
 34173
CGO WGT  6310  
EOW   136474
SECOK
     
 


[#2 (F:130.025 L:-26 E:0) 16/04/2018 17:45:48.868 --------------------------------
Mode : 2 Label : _d Id : Q Ack : 3
Aircraft reg: N673AW Flight id: 
No:     

[#2 (F:130.025 L:-27 E:0) 16/04/2018 17:45:56.075 --------------------------------
Mode : 2 Label : _d Id : R Ack : 4
Aircraft reg: N673AW Flight id: 
No:     

[#2 (F:130.025 L:-27 E:1) 16/04/2018 17:46:01.317 --------------------------------
Mode : 2 Label : _d Id : S Ack : 5
Aircraft reg: N673AW Flight id: 
No:     

[#2 (F:130.025 L:-11 E:0) 16/04/2018 17:46:04.020 --------------------------------
Mode : 2 Label : H1 Id : 2 Nak
Aircraft reg: N765US Flight id: US0634
No: D15A
#DFBA04/A31904,1,1/CCN765US,APR16,174538,KPHX,KOAK,0634/C105,05740,4000,99,0010,0,0100,99,X/CE0270,01916,155,242,1418,293,C83009/EC575211,01974,02367,01062,23/EE697913,01145,01333,00634,23/N101,00,00,01,00,00,0
ETB

[#2 (F:130.025 L:-15 E:0) 16/04/2018 17:46:10.654 --------------------------------
Mode : 2 Label : H1 Id : 3 Nak
Aircraft reg: N765US Flight id: US0634
No: D15B
#DFB0,00,8000/N201,00,00,01,00,00,00,00,8320/S10866,0866,0978,8000,0770,3105,0904/S20866,0866,0980,8320,0798,3112,0904/T15295,1198,303,136,----,018,011/T25350,1221,313,136,----,019,022/V109,07,344,030,03,00,000
ETB

[#2 (F:130.025 L:-27 E:1) 16/04/2018 17:46:14.830 --------------------------------
Mode : 2 Label : _d Id : T Ack : 6
Aircraft reg: N673AW Flight id: 
No:     

[#2 (F:130.025 L:-27 E:0) 16/04/2018 17:46:16.878 --------------------------------
Mode : 2 Label : _d Id : H Ack : 3
Aircraft reg: N765US Flight id: 
No:     

[#2 (F:130.025 L:-19 E:0) 16/04/2018 17:46:17.287 --------------------------------
Mode : 2 Label : H1 Id : 4 Nak
Aircraft reg: N765US Flight id: US0634
No: D15C
#DFB00/V208,12,352,090,02,02,00000/V3051,082,1,1,00060,00010,2221/V4051,074,1,1,00080,00010,2221/X114406,0182,100,037,0849/X214437,0162,099,036,0862/

[#2 (F:130.025 L:-26 E:0) 16/04/2018 17:46:22.774 --------------------------------
Mode : 2 Label : _d Id : I Ack : 4
Aircraft reg: N765US Flight id: 
No:     

[#1 (F:131.550 L:-23 E:0) 16/04/2018 17:47:22.820 --------------------------------
Mode : 2 Label : H1 Id : S Ack : 9
Aircraft reg: N169UW Flight id: 
No:     
- #MDFPN/RP:DA:KPHX:AA:KDFW:CR:PHXDFW02:R:07L:F:MAXXO..CNX.J74.TXO..TURKI/FNAAL560EE49


[#1 (F:131.550 L:-25 E:0) 16/04/2018 17:47:29.293 --------------------------------
Mode : 2 Label : _d Id : T Ack : 1
Aircraft reg: N169UW Flight id: 
No:     

[#1 (F:131.550 L:-24 E:2) 16/04/2018 17:47:41.828 --------------------------------
Mode : 2 Label : :; Id : V Ack : 4
Aircraft reg: N169UW Flight id: 
No:     
129125

[#2 (F:130.025 L:-27 E:0) 16/04/2018 17:47:41.828 --------------------------------
Mode : 2 Label : _d Id : H Ack : 8
Aircraft reg: N200UU Flight id: 
No:     

[#2 (F:130.025 L:-27 E:0) 16/04/2018 17:47:46.171 --------------------------------
Mode : 2 Label : _d Id : V Ack : 7
Aircraft reg: N673AW Flight id: 
No:     

[#2 (F:130.025 L:-23 E:0) 16/04/2018 17:47:52.479 --------------------------------
Mode : 2 Label : Q0 Id : 5 Nak
Aircraft reg: N668AW Flight id: US0647
No: S20A

[#2 (F:130.025 L:-27 E:0) 16/04/2018 17:47:58.214 --------------------------------
Mode : 2 Label : _d Id : E Ack : 5
Aircraft reg: N668AW Flight id: 
No:     

[#2 (F:130.025 L:-25 E:0) 16/04/2018 17:47:59.605 --------------------------------
Mode : 2 Label : 5Z Id : 4 Nak
Aircraft reg: N915US Flight id: US1917
No: M14A
OS KPHX /ALT00001749

[#2 (F:130.025 L:-27 E:1) 16/04/2018 17:48:04.684 --------------------------------
Mode : 2 Label : _d Id : X Ack : 4
Aircraft reg: N915US Flight id: 
No:     

[#2 (F:130.025 L:-25 E:0) 16/04/2018 17:48:06.405 --------------------------------
Mode : 2 Label : _d Id : 5 Ack : Y
Aircraft reg: N915US Flight id: US1917
No: S58A

[#2 (F:130.025 L:-25 E:3) 16/04/2018 17:48:11.647 --------------------------------
Mode : 2 Label : H1 Id : 6 Nak
Aircraft reg: N668AW Flight id: US0647
No: F27A
#M1BPRG/DTKONT,26R,151,184244,046/FNAAL647/TS174809,1604184389

[#2 (F:130.025 L:-27 E:0) 16/04/2018 17:48:23.607 --------------------------------
Mode : 2 Label : _d Id : G Ack : 7
Aircraft reg: N668AW Flight id: 
No:     

[#2 (F:130.025 L:-12 E:0) 16/04/2018 17:48:24.017 --------------------------------
Mode : 2 Label : H1 Id : 8 Nak
Aircraft reg: N668AW Flight id: US0647
No: D18B
#DFB15/N201,00,00,00,00,00,01,00,5325,5330/S11318,5320,0849,0927,0827,1424,1317/S21321,5325,0846,0915,0821,1424,1317/T13496,5232,026,14687,0298,19890/T23500,5212,019,14687,0304,19933/V103D01,00408,08000,215,107
ETB

[#2 (F:130.025 L:-27 E:0) 16/04/2018 17:48:29.587 --------------------------------
Mode : 2 Label : _d Id : H Ack : 8
Aircraft reg: N668AW Flight id: 
No:     

[#2 (F:130.025 L:-19 E:0) 16/04/2018 17:48:29.915 --------------------------------
Mode : 2 Label : H1 Id : 9 Nak
Aircraft reg: N668AW Flight id: US0647
No: D18C
#DFB,0172,1,1/V203D01,00408,08000,227,113,0165,1,1/V3003,001,134,XXX,3502,0/V4003,003,340,XXX,3493,0/

[#2 (F:130.025 L:-27 E:0) 16/04/2018 17:48:35.977 --------------------------------
Mode : 2 Label : _d Id : I Ack : 9
Aircraft reg: N668AW Flight id: 
No:     

[#2 (F:130.025 L:-25 E:0) 16/04/2018 17:48:44.823 --------------------------------
Mode : 2 Label : 40 Id : U Nak
Aircraft reg: N923US Flight id: 
No:     
    0202     /
EDDYY  1920      0198     /
   ON  1926      0196
   IN  1937      0193
A 14   1952
 
ON-TIME ANALYSIS
SKD OUT 1720Z   
ACT OUT 1721Z   
 
       TXO   AIR  TXI  TOTAL
SKDBLK  24  1.43   11   2.
ETB

[#2 (F:130.025 L:-26 E:2) 16/04/2018 17:48:51.622 --------------------------------
Mode : 2 Label : 40 Id : V Nak
Aircraft reg: N923US Flight id: 
No:     
18
FLIPLN  24  1.42   11   2.17
ACTUAL  23                  
 
RVSM ALT
 
CA          STBY          FO
  ----------    ----------  ---------- 
                                       
 


[#2 (F:130.025 L:-25 E:1) 16/04/2018 17:49:06.201 --------------------------------
Mode : 2 Label : 40 Id : Z Nak
Aircraft reg: N915US Flight id: 
No:     
FLT 1917  ARR PHX   
ARR A7  BAG      
FLT  ETD  DEST        GATE
2954 SKED ALBUQUERQUE B22  AX
0739 SKED AUSTIN      A11    
1790 SKED DENVER      
          CHARLOTTE   A23    
5995 SKED EL PASO     B3   AX
303
ETB

[#2 (F:130.025 L:-26 E:0) 16/04/2018 17:49:07.349 --------------------------------
Mode : 2 Label : _d Id : 6 Ack : Z
Aircraft reg: N915US Flight id: US1917
No: S59A

[#2 (F:130.025 L:-25 E:0) 16/04/2018 17:49:19.226 --------------------------------
Mode : 2 Label : 40 Id : B Nak
Aircraft reg: N915US Flight id: 
No:     
KED SIOUX FALLS B21  AX
END


[#2 (F:130.025 L:-25 E:1) 16/04/2018 17:49:33.068 --------------------------------
Mode : 2 Label : 40 Id : J Nak
Aircraft reg: N765US Flight id: 
No:     
FLT 0634 PHX-OAK SKD ARR 1157L
                 A PLUS 14 1211L
                   PLN     1224L
  OUT  1716      0245 TOT / CTR
  OFF  1745      0237     /    
ZEPER  1756      0227     /
MAYSA  1804      0217    
ETB

[#2 (F:130.025 L:-26 E:0) 16/04/2018 17:49:34.052 --------------------------------
Mode : 2 Label : :; Id : C Ack : 9
Aircraft reg: N915US Flight id: 
No:     
129125

[#1 (F:131.550 L:-23 E:1) 16/04/2018 17:49:36.262 --------------------------------
Mode : 2 Label : SQ 
X13326N11200WV136975/ARINC

[#2 (F:130.025 L:-24 E:0) 16/04/2018 17:49:38.965 --------------------------------
Mode : 2 Label : Q0 Id : 2 Nak
Aircraft reg: N534UW Flight id: US1744
No: S42A

[#2 (F:130.025 L:-27 E:0) 16/04/2018 17:49:44.534 --------------------------------
Mode : 2 Label : _d Id : I Ack : 2
Aircraft reg: N534UW Flight id: 
No:     

[#2 (F:130.025 L:-25 E:1) 16/04/2018 17:49:46.747 --------------------------------
Mode : 2 Label : 40 Id : L Nak
Aircraft reg: N765US Flight id: 
No:     
NALYSIS
SKD OUT 1655Z   
ACT OUT 1716Z   
 
       TXO   AIR  TXI  TOTAL
SKDBLK  26  1.30    6   2.02
FLIPLN  26  1.33    6   2.05
ACTUAL  29                  
 
RVSM ALT
 
CA          STBY          FO
  ----
ETB

[#2 (F:130.025 L:-27 E:1) 16/04/2018 17:49:57.640 --------------------------------
Mode : 2 Label : _d Id : H Ack : 5
Aircraft reg: N8564Z Flight id: 
No:     

[#2 (F:130.025 L:-27 E:0) 16/04/2018 17:50:07.797 --------------------------------
Mode : 2 Label : _d Id : J Ack : 3
Aircraft reg: N534UW Flight id: 
No:     

[#2 (F:130.025 L:-17 E:0) 16/04/2018 17:50:08.125 --------------------------------
Mode : 2 Label : H1 Id : 4 Nak
Aircraft reg: N534UW Flight id: US1744
No: D11B
#DFB35/N201,00,00,00,00,00,00,01,5765,5765/S11493,5935,0920,0940,1065,1613,1491/S21492,5765,0914,0942,1037,1613,1490/T14140,5595,030,14714,0306,21984/T24095,5597,021,14711,0303,22043/V103D01,00408,08000,204,107
ETB

[#2 (F:130.025 L:-27 E:0) 16/04/2018 17:50:13.367 --------------------------------
Mode : 2 Label : _d Id : K Ack : 4
Aircraft reg: N534UW Flight id: 
No:     

[#2 (F:130.025 L:-21 E:0) 16/04/2018 17:50:13.776 --------------------------------
Mode : 2 Label : H1 Id : 5 Nak
Aircraft reg: N534UW Flight id: US1744
No: D11C
#DFB,0187,1,1/V203D01,00408,08000,213,108,0172,1,1/V3006,002,256,XXX,3493,0/V4007,001,272,XXX,3498,0/

[#2 (F:130.025 L:-27 E:1) 16/04/2018 17:50:19.428 --------------------------------
Mode : 2 Label : _d Id : L Ack : 5
Aircraft reg: N534UW Flight id: 
No:     

[#2 (F:130.025 L:-26 E:0) 16/04/2018 17:50:36.055 --------------------------------
Mode : 2 Label : :; Id : I Nak
Aircraft reg: N8564Z Flight id: 
No:     
129525

[#2 (F:130.025 L:-27 E:1) 16/04/2018 17:50:45.392 --------------------------------
Mode : 2 Label : _d Id : M Ack : 6
Aircraft reg: N914UY Flight id: 
No:     

[#2 (F:130.025 L:-27 E:1) 16/04/2018 17:50:52.354 --------------------------------
Mode : 2 Label : _d Id : K Ack : 9
Aircraft reg: N8564Z Flight id: 
No:     

[#2 (F:130.025 L:-27 E:0) 16/04/2018 17:50:55.138 --------------------------------
Mode : 2 Label : _d Id : U Ack : 4
Aircraft reg: C-FYJG Flight id: 
No:     

[#2 (F:130.025 L:-27 E:0) 16/04/2018 17:50:57.269 --------------------------------
Mode : 2 Label : _d Id : J Ack : 0
Aircraft reg: N668AW Flight id: 
No:     

[#1 (F:131.550 L:-23 E:0) 16/04/2018 17:51:23.820 --------------------------------
Mode : 2 Label : SQ 
X13326N11200WV136975/ARINC

[#1 (F:131.550 L:-24 E:0) 16/04/2018 17:51:28.411 --------------------------------
Mode : 2 Label : _d Id : K Ack : 6
Aircraft reg: N169UW Flight id: 
No:     

[#1 (F:131.550 L:-25 E:0) 16/04/2018 17:51:34.723 --------------------------------
Mode : 2 Label : _d Id : L Ack : 7
Aircraft reg: N169UW Flight id: 
No:     

[#2 (F:130.025 L:-25 E:0) 16/04/2018 17:51:39.806 --------------------------------
Mode : 2 Label : 40 Id : L Nak
Aircraft reg: N668AW Flight id: 
No:     
 /
HRRBR  1807      0181     /
PHRED  1808      0177     /
FOILD  1815      0168     /
MSTRY  1826      0160     /
DEWAY  1830      0158     /
SCBBY  1834      0157     /
   ON  1843      0153
   IN  1849      01
ETB

[#2 (F:130.025 L:-27 E:2) 16/04/2018 17:51:41.035 --------------------------------
Mode : 2 Label : _d Id : 2 Ack : L
Aircraft reg: N668AW Flight id: US0647
No: S22A

[#2 (F:130.025 L:-27 E:1) 16/04/2018 17:51:47.347 --------------------------------
Mode : 2 Label : _d Id : O Ack : 0
Aircraft reg: N647AW Flight id: 
No:     

[#2 (F:130.025 L:-26 E:0) 16/04/2018 17:51:48.329 --------------------------------
Mode : 2 Label : 40 Id : M Nak
Aircraft reg: N668AW Flight id: 
No:     
51
A 14   1909
 
ON-TIME ANALYSIS
SKD OUT 1730Z   
ACT OUT 1722Z   
 
       TXO   AIR  TXI  TOTAL
SKDBLK  26   .53    6   1.25
FLIPLN  26   .56    6   1.28
ACTUAL  25                  
 
RVSM ALT
 
CA     
ETB

[#2 (F:130.025 L:-26 E:0) 16/04/2018 17:51:55.051 --------------------------------
Mode : 2 Label : 40 Id : N Nak
Aircraft reg: N668AW Flight id: 
No:     
     STBY          FO
  ----------    ----------  ---------- 
                                       
 


[#2 (F:130.025 L:-27 E:3) 16/04/2018 17:52:08.819 --------------------------------
Mode : 2 Label : _d Id : N Ack : 9
Aircraft reg: N765US Flight id: 
No:     

[#2 (F:130.025 L:-27 E:0) 16/04/2018 17:52:15.621 --------------------------------
Mode : 2 Label : _d Id : P Ack : 1
Aircraft reg: N765US Flight id: 
No:     

[#1 (F:131.550 L:-24 E:0) 16/04/2018 17:52:25.699 --------------------------------
Mode : 2 Label : :; Id : O Nak
Aircraft reg: N169UW Flight id: 
No:     
129125

[#2 (F:130.025 L:-28 E:1) 16/04/2018 17:52:28.404 --------------------------------
Mode : 2 Label : _d Id : P Ack : 4
Aircraft reg: XA-VLL Flight id: 
No:     

[#2 (F:130.025 L:-27 E:1) 16/04/2018 17:52:44.628 --------------------------------
Mode : 2 Label : 14 Id : D Ack : 2
Aircraft reg: N900UC Flight id: 
No:     
(2/AAA


[#2 (F:130.025 L:-26 E:3) 16/04/2018 17:53:12.074 --------------------------------
Mode : 2 Label : 14 Id : H Nak
Aircraft reg: N900UC Flight id: 
No:     
(2BBLIX CONTACT CD A S A P FOR RELEASE. HAZARDOUS WX INFO FOR SANDIEGO AVBL ON HI-WAS OR FSS. COMPLY WITH FREQUENCY ISSUED VIA CPDLC OR PDC. ...ADVS YOU HAVE INFO T.(Z


[#2 (F:130.025 L:-27 E:0) 16/04/2018 17:53:20.021 --------------------------------
Mode : 2 Label : _d Id : N Ack : 7
Aircraft reg: N914UY Flight id: 
No:     

[#2 (F:130.025 L:-27 E:1) 16/04/2018 17:53:23.463 --------------------------------
Mode : 2 Label : _d Id : G Ack : 4
Aircraft reg: N926AN Flight id: 
No:     

[#2 (F:130.025 L:-27 E:0) 16/04/2018 17:53:26.575 --------------------------------
Mode : 2 Label : _d Id : O Ack : 8
Aircraft reg: N914UY Flight id: 
No:     

[#2 (F:130.025 L:-25 E:0) 16/04/2018 17:53:36.817 --------------------------------
Mode : 2 Label : A9 Id : I Nak
Aircraft reg: N926AN Flight id: 
No:     
Y 7R. DEPARTING RWY
7L. NOTAMS... TWY T CLSD
BTN TWY E AND TWY C TWY
D CLSD BTN TWY S AND INT
D9. MULT CRANES INVOF
ARPT. BIRD ACTIVITY
INVOF ARPT. READBACK
HOLD SHORT INSTRUCTIONS.
...ADVS YOU HAVE INFO Z.8318


[#2 (F:130.025 L:-25 E:2) 16/04/2018 17:53:37.963 --------------------------------
Mode : 2 Label : RA Id : W Ack : 8
Aircraft reg: N823AW Flight id: 
No:     
QUATSUSXA~1PHX ATIS INFO Z 1751Z.
00000KT 10SM SCT170
BKN230 BKN250 26/M09
A2992 (TWO NINER NINER
TWO). SIMUL APCHS IN
USE. ARRS FM N EXPC
VISUAL APCH RWY 8, ARRS
FM S EXPC VISUAL APCH
RWY 7R. DEPARTING RWY
7L. 
ETB

[#2 (F:130.025 L:-25 E:2) 16/04/2018 17:53:39.028 --------------------------------
Mode : 2 Label : 40 Id : N Nak
Aircraft reg: N534UW Flight id: 
No:     
 /
MOHAK  1811      0207     /
HOGGZ  1811      0206     /
MANRS  1814      0203     /
CBOLA  1816      0200     /
KRMAA  1821      0195     /
CMPOE  1825      0191     /
LUCKI  1838      0184     /
LYNDI  1839  
ETB

[#2 (F:130.025 L:-27 E:0) 16/04/2018 17:53:41.978 --------------------------------
Mode : 2 Label : _d Id : I Ack : 8
Aircraft reg: N900UC Flight id: 
No:     

[#2 (F:130.025 L:-27 E:1) 16/04/2018 17:53:48.203 --------------------------------
Mode : 2 Label : _d Id : J Ack : 8
Aircraft reg: N926AN Flight id: 
No:     

[#2 (F:130.025 L:-26 E:1) 16/04/2018 17:53:53.201 --------------------------------
Mode : 2 Label : 40 Id : P Nak
Aircraft reg: N534UW Flight id: 
No:     
.24
ACTUAL  23                  
 
RVSM ALT
 
CA          STBY          FO
  ----------    ----------  ---------- 
                                       
 


[#2 (F:130.025 L:-27 E:1) 16/04/2018 17:54:00.246 --------------------------------
Mode : 2 Label : _d Id : S Ack : 4
Aircraft reg: N765US Flight id: 
No:     

[#1 (F:131.550 L:-23 E:1) 16/04/2018 17:54:12.780 --------------------------------
Mode : 2 Label : SQ 
X13326N11200WV136975/ARINC

[#1 (F:131.550 L:-24 E:0) 16/04/2018 17:54:18.678 --------------------------------
Mode : 2 Label : _d Id : Q Ack : 8
Aircraft reg: N668AW Flight id: 
No:     

[#2 (F:130.025 L:-27 E:1) 16/04/2018 17:54:23.348 --------------------------------
Mode : 2 Label : _d Id : L Ack : 6
Aircraft reg: N561WN Flight id: 
No:     

[#1 (F:131.550 L:-24 E:1) 16/04/2018 17:54:25.395 --------------------------------
Mode : 2 Label : _d Id : R Ack : 9
Aircraft reg: N668AW Flight id: 
No:     

[#2 (F:130.025 L:-27 E:0) 16/04/2018 17:54:30.966 --------------------------------
Mode : 2 Label : _d Id : I Ack : 2
Aircraft reg: N493WN Flight id: 
No:     

[#1 (F:131.550 L:-25 E:0) 16/04/2018 17:54:38.665 --------------------------------
Mode : 2 Label : _d Id : S Ack : 0
Aircraft reg: N668AW Flight id: 
No:     

[#2 (F:130.025 L:-27 E:1) 16/04/2018 17:54:58.491 --------------------------------
Mode : 2 Label : _d Id : S Ack : 3
Aircraft reg: N914UY Flight id: 
No:     

[#2 (F:130.025 L:-27 E:0) 16/04/2018 17:55:03.160 --------------------------------
Mode : 2 Label : _d Id : N Ack : 7
Aircraft reg: N561WN Flight id: 
No:     

[#1 (F:131.550 L:-23 E:0) 16/04/2018 17:56:22.853 --------------------------------
Mode : 2 Label : A9 Id : U Ack : 3
Aircraft reg: N668AW Flight id: 
No:     
FOR CALIFORNIA
. AVBL FM HIWAS OR FSS. PILOTS READBACK
ALL RUNWAY ASSIGNMENTS. READBACK ALL RWY
HOLD SHORT INSTRUCTIONS. ...ADVS YOU
HAVE INFO F.F89A


[#2 (F:130.025 L:-25 E:1) 16/04/2018 17:57:10.850 --------------------------------
Mode : 2 Label : SQ 
X23326N11200WV136975/ARINC

[#2 (F:130.025 L:-26 E:0) 16/04/2018 17:57:13.226 --------------------------------
Mode : 2 Label : _d Id : L Ack : 0
Aircraft reg: N8564Z Flight id: 
No:     

[#2 (F:130.025 L:-26 E:0) 16/04/2018 17:57:22.809 --------------------------------
Mode : 2 Label : C1 Id : X Ack : 2
Aircraft reg: N923US Flight id: 
No:     
.ATSUSXA 161757
AGM
AN N923US
-  SFO ATIS INFO T 1656Z. 22010KT 10SM FEW025 BKN031 12/05 A3001 (THREE ZERO ZERO
ONE) RMK AO2 SLP161. SIMO CLSLY SPCD DPNDNT ILS RY 28R AND ILS RY 28L APPS IN
USE. LNDG RWYS 28L, 28R. 
ETB

[#2 (F:130.025 L:-25 E:0) 16/04/2018 17:57:29.935 --------------------------------
Mode : 2 Label : C1 Id : Y Nak
Aircraft reg: N923US Flight id: 
No:     
DEPG RWYS 28L, 28R. NOTAMS... TWY J CLSD. PAEW ADJ
RIGHT SIDE RWY 28R. LLWS ADZYS IN EFCT. GATEHOLD PROCEDURES IN EFCT, ALL A/C CTC
GH 124.25 WHEN READY FOR ENG START OR PB. DEPG ACFT NEED TO GET NMBRS FOR BOTH
RWYS 2
ETB

[#2 (F:130.025 L:-27 E:0) 16/04/2018 17:57:53.361 --------------------------------
Mode : 2 Label : _d Id : U Ack : 8
Aircraft reg: N452WN Flight id: 
No:     

[#1 (F:131.550 L:-23 E:0) 16/04/2018 17:58:15.230 --------------------------------
Mode : 2 Label : SQ 
X13326N11200WV136975/ARINC

[#1 (F:131.550 L:-25 E:0) 16/04/2018 17:58:16.786 --------------------------------
Mode : 2 Label : :; Id : M Ack : 1
Aircraft reg: N557WN Flight id: 
No:     
129125

[#2 (F:130.025 L:-26 E:0) 16/04/2018 17:58:26.861 --------------------------------
Mode : 2 Label : C1 Id : T Nak
Aircraft reg: N927UW Flight id: 
No:     
IGHT 7 LEFT CLSD. TWY G CLSD BTN TWY, H AND TWY B   TWY M CLSD TWY B16 CLSD
TWY C CLSD BTN TWY U AND TWY AA. RY 25L ALSF-2 OTS. BIRD ACTIVITY VICINITY ARPT.
HAZD WX INFO FOR LAX AREA AVBL FM FLT WATCH. USE CAUTION FOR 
ETB

[#2 (F:130.025 L:-26 E:1) 16/04/2018 17:58:36.118 --------------------------------
Mode : 2 Label : C1 Id : A Nak
Aircraft reg: N558UW Flight id: 
No:     
TAMS... RWY 2 5 RIGHT 7 LEFT CLSD. TWY G CLSD BTN TWY, H AND TWY B   TWY M
CLSD TWY B16 CLSD TWY C CLSD BTN TWY U AND TWY AA. RY 25L ALSF-2 OTS. BIRD
ACTIVITY VICINITY ARPT. HAZD WX INFO FOR LAX AREA AVBL FM FLT WATCH.
ETB

[#2 (F:130.025 L:-25 E:0) 16/04/2018 17:58:37.182 --------------------------------
Mode : 2 Label : C1 Id : T Nak
Aircraft reg: N927UW Flight id: 
No:     
IGHT 7 LEFT CLSD. TWY G CLSD BTN TWY, H AND TWY B   TWY M CLSD TWY B16 CLSD
TWY C CLSD BTN TWY U AND TWY AA. RY 25L ALSF-2 OTS. BIRD ACTIVITY VICINITY ARPT.
HAZD WX INFO FOR LAX AREA AVBL FM FLT WATCH. USE CAUTION FOR 
ETB

[#2 (F:130.025 L:-26 E:0) 16/04/2018 17:58:43.981 --------------------------------
Mode : 2 Label : C1 Id : B Nak
Aircraft reg: N558UW Flight id: 
No:     
 USE CAUTION
FOR HANG GLIDING 1 MILE SOUTH LOS ANGELES VOR. INCLUDE YOUR CALL SIGN IN ALL
READBACKS. UPON RECEIPT OF YOUR ATC CLNC REED BACK ONLY YOUR SQUAWK CODE.
...ADVS YOU HAVE INFO X.


[#2 (F:130.025 L:-26 E:0) 16/04/2018 17:58:46.930 --------------------------------
Mode : 2 Label : A9 Id : I Nak
Aircraft reg: XA-MTY Flight id: 
No:     
/ATS4OXA.TI2/KLAS ARR ATIS Z
1756Z LAS ATIS INFO Z 1756Z.
15012G22KT 130V200 10SM
FEW250 23/M06 A2979 (TWO
NINER SEVEN NINER).
VISUAL APPROACHES IN
USE. LANDING RWYS 26L,
19R. DEPG RWYS 26R, 19R,
19L. SIMUL APCHS
ETB

[#2 (F:130.025 L:-26 E:0) 16/04/2018 17:58:48.240 --------------------------------
Mode : 2 Label : 41 Id : J Ack : 3
Aircraft reg: N493WN Flight id: 
No:     
WRD01, LAX D-ATIS X
LAX ATIS INFO X 1753Z.
27018KT 9SM SCT017
SCT160 16/07 A3004
(THREE ZERO ZERO FOUR)
RMK AO2 SLP173 10161
20128 53013. INST APCHS
IN PROG TO RY 24R AND
25L, OR VCTR FOR VISUAL
APCH WILL BE PRO
ETB

[#2 (F:130.025 L:-26 E:0) 16/04/2018 17:58:49.469 --------------------------------
Mode : 2 Label : C1 Id : B Ack : 7
Aircraft reg: N923US Flight id: 
No:     
.ATSUSXA 161758
AGM
AN N923US
-  SFO ATIS INFO U 1756Z. 21008KT 10SM FEW032 SCT050 BKN070 12/04 A3002 (THREE ZERO
ZERO TWO). SIMO CLSLY SPCD DPNDNT ILS RY 28R AND ILS RY 28L APPS IN USE. LNDG
RWYS 28L, 28R. DEPG RWY
ETB

[#2 (F:130.025 L:-25 E:0) 16/04/2018 17:58:51.680 --------------------------------
Mode : 2 Label : 40 Id : V Nak
Aircraft reg: N927UW Flight id: 
No:     
FLT 0447  ARR LAX   
ARR 53A BAG 1    
FLT  ETD  DEST        GATE
6062 SKED EL PASO     52C  AX
3016 SKED FRESNO      52F  AX
6071 SKED HOUSTON-TX  52H  AX
2997 SKED RENO        52D  AX
6038 SKED SACRAMENTO  52E  
ETB

[#1 (F:131.550 L:-18 E:0) 16/04/2018 17:58:54.383 --------------------------------
Mode : 2 Label : QQ Id : 9 Nak
Aircraft reg: N203UW Flight id: US0432
No: M15A
KPHXPHOG1758OS PHOG /FUL 685/MO 1742/APU0075
##########################
Destination Airport : PHOG
Departure Airport : KPHX
Wheels off Tme : 1758

[#2 (F:130.025 L:-26 E:0) 16/04/2018 17:58:54.629 --------------------------------
Mode : 2 Label : :; Id : J Nak
Aircraft reg: XA-MTY Flight id: 
No:     
129125

[#2 (F:130.025 L:-25 E:0) 16/04/2018 17:58:56.431 --------------------------------
Mode : 2 Label : 41 Id : K Ack : 4
Aircraft reg: N493WN Flight id: 
No:     
VIDED,
SIMUL VISUAL APCHS TO
ALL RWYS ARE IN PROG,
AND SIMUL APCHS IN PROG
BTWN LAX AND HHR, SIMUL
INSTR DEPARTURES IN
PROG RWYS 24 AND 25.
CTC L A GC ON 121.4 FOR
PUSH ON TAXILANE S AND
PUSH OR TAXI ON A.
NOTA
ETB

[#2 (F:130.025 L:-26 E:1) 16/04/2018 17:58:57.823 --------------------------------
Mode : 2 Label : C1 Id : C Nak
Aircraft reg: N923US Flight id: 
No:     
S 28L, 28R. NOTAMS... TWY J CLSD. PAEW ADJ RIGHT SIDE RWY
28R. LLWS ADZYS IN EFCT. GATEHOLD PROCEDURES IN EFCT, ALL A/C CTC GH 124.25 WHEN
READY FOR ENG START OR PB. DEPG ACFT NEED TO GET NMBRS FOR BOTH RWYS 28L AND
2
ETB

[#2 (F:130.025 L:-26 E:0) 16/04/2018 17:58:58.807 --------------------------------
Mode : 2 Label : 40 Id : W Nak
Aircraft reg: N927UW Flight id: 
No:     
AX
6079 SKED SAN DIEGO   52E  AX
6093 SKED SEATTLE-TAC 52H  AX
CLUB LOCATION                 
ACROSS FM GATE 40             
END


[#1 (F:131.550 L:-24 E:0) 16/04/2018 17:59:00.772 --------------------------------
Mode : 2 Label : :; Id : P Ack : 9
Aircraft reg: N203UW Flight id: 
No:     
129525

[#1 (F:131.550 L:-14 E:0) 16/04/2018 17:59:01.426 --------------------------------
Mode : 2 Label : _d Id : 0 Ack : P
Aircraft reg: N203UW Flight id: US0432
No: S22A

[#2 (F:130.025 L:-26 E:0) 16/04/2018 17:59:05.278 --------------------------------
Mode : 2 Label : 41 Id : L Nak
Aircraft reg: N493WN Flight id: 
No:     
MS... RWY 2 5 RIGHT
7 LEFT CLSD. TWY G CLSD
BTN TWY, H AND TWY B
TWY M CLSD TWY B16 CLSD
TWY C CLSD BTN TWY U
AND TWY AA. RY 25L
ALSF-2 OTS. BIRD
ACTIVITY VICINITY ARPT.
HAZD WX INFO FOR LAX
AREA AVBL FM FLT WAT
ETB

[#2 (F:130.025 L:-25 E:1) 16/04/2018 17:59:06.260 --------------------------------
Mode : 2 Label : C1 Id : D Nak
Aircraft reg: N923US Flight id: 
No:     
8R. ASSC IN USE ACTVT TRNSPNDR WITH MODE C ON ALL TYS AND RWYS. READBACK OF ALL
RWY HOLDING INSTRUCTIONS IS REQUIRED. ALL ACFT ARE RQRD TO INCL ACFT CLSGN IN
ALL RDBKS AND ACKMTS. 150 FOOT CRANE 2 MILES WSW, 365 FOOT C
ETB

[#2 (F:130.025 L:-26 E:0) 16/04/2018 17:59:08.554 --------------------------------
Mode : 2 Label : 40 Id : W Nak
Aircraft reg: N927UW Flight id: 
No:     
AX
6079 SKED SAN DIEGO   52E  AX
6093 SKED SEATTLE-TAC 52H  AX
CLUB LOCATION                 
ACROSS FM GATE 40             
END


[#2 (F:130.025 L:-25 E:0) 16/04/2018 17:59:10.766 --------------------------------
Mode : 2 Label : A9 Id : K Nak
Aircraft reg: XA-MTY Flight id: 
No:     
 TO
CROSSING AND PARALLEL
RUNWAYS IN USE,
CONVERGING RUNWAY
OPERATIONS IN EFFECT.
NOTAMS... RWY 26L ILS
FREQUENCY 111.5. +++FOR
CPDLC LOGON USE KUSA+++.
GC COMBINED ON 121.1,
HELICOPTOR CONTROL OPEN
ON 123.82. 
ETB

[#2 (F:130.025 L:-26 E:0) 16/04/2018 17:59:12.650 --------------------------------
Mode : 2 Label : 41 Id : M Nak
Aircraft reg: N493WN Flight id: 
No:     
CH.
USE CAUTION FOR HANG
GLIDING 1 MILE SOUTH
LOS ANGELES VOR.
INCLUDE YOUR CALL SIGN
IN ALL READBACKS. UPON
RECEIPT OF YOUR ATC
CLNC REED BACK ONLY
YOUR SQUAWK CODE.
...ADVS YOU HAVE INFO
X. 


[#2 (F:130.025 L:-26 E:0) 16/04/2018 17:59:14.042 --------------------------------
Mode : 2 Label : C1 Id : E Nak
Aircraft reg: N923US Flight id: 
No:     
RANE 2.4 MILES NW,
254 FOOT CRANE 2 MILES NW, 157 FOOT CRANE ONE QUARTER MILE WEST. ...ADVS YOU
HAVE INFO U.


[#2 (F:130.025 L:-26 E:2) 16/04/2018 17:59:22.069 --------------------------------
Mode : 2 Label : RA Id : Y Nak
Aircraft reg: N927UW Flight id: 
No:     
MUL VISUAL APCHS TO
ALL RWYS ARE IN PROG,
AND SIMUL APCHS IN PROG
BTWN LAX AND HHR, SIMUL
INSTR DEPARTURES IN PROG
RWYS 24 AND 25. CTC L A
GC ON 121.4 FOR PUSH ON
TAXILANE S AND PUSH OR
TAXI ON A. NOTAMS... RWY

ETB

[#2 (F:130.025 L:-25 E:0) 16/04/2018 17:59:25.346 --------------------------------
Mode : 2 Label : A9 Id : N Nak
Aircraft reg: N182UW Flight id: 
No:     
. DEPARTING
RWY 7L. NOTAMS... TWY T CLSD BTN TWY E
AND TWY C TWY D CLSD BTN TWY S AND INT
D9. MULT CRANES INVOF ARPT. BIRD
ACTIVITY INVOF ARPT. READBACK HOLD SHORT
INSTRUCTIONS. ...ADVS YOU HAVE INFO Z.02EB


[#2 (F:130.025 L:-25 E:1) 16/04/2018 17:59:26.493 --------------------------------
Mode : 2 Label : 4P Id : W Nak
Aircraft reg: C-FYJG Flight id: 
No:     
        T02611089 10267 20178 50004
YUL  SA 161700Z 05018G24KT 10SM -RA BKN030 OVC040 01/M01 A2987 RMK SC7SC1
        PRESFR SLP117
YOW  SA 161700Z 07024G32KT 5SM -RA BR OVC007 00/M01 A2967 RMK SC8 PRESFR
        SLP
ETB

[#2 (F:130.025 L:-26 E:0) 16/04/2018 17:59:33.373 --------------------------------
Mode : 2 Label : 4P Id : X Nak
Aircraft reg: C-FYJG Flight id: 
No:     
053
YQB  SA 161700Z 07020G29KT 10SM -SN SCT014 OVC025 M01/M04 A3016 RMK SC4SC4
        SLP220
END


[#2 (F:130.025 L:-26 E:0) 16/04/2018 17:59:34.684 --------------------------------
Mode : 2 Label : RA Id : A Nak
Aircraft reg: N927UW Flight id: 
No:     
CAUTION FOR HANG
GLIDING 1 MILE SOUTH LOS
ANGELES VOR. INCLUDE
YOUR CALL SIGN IN ALL
READBACKS. UPON RECEIPT
OF YOUR ATC CLNC REED
BACK ONLY YOUR SQUAWK
CODE. ...ADVS YOU HAVE
INFO X.


[#2 (F:130.025 L:-27 E:0) 16/04/2018 17:59:40.746 --------------------------------
Mode : 2 Label : _d Id : B Ack : 4
Aircraft reg: N927UW Flight id: 
No:     

[#2 (F:130.025 L:-27 E:0) 16/04/2018 17:59:58.930 --------------------------------
Mode : 2 Label : _d Id : F Ack : 2
Aircraft reg: N923US Flight id: 
No:     

[#1 (F:131.550 L:-25 E:0) 16/04/2018 18:00:04.826 --------------------------------
Mode : 2 Label : _d Id : A Ack : 3
Aircraft reg: N6700 Flight id: 
No:     

[#2 (F:130.025 L:-26 E:0) 16/04/2018 18:00:06.630 --------------------------------
Mode : 2 Label : H1 Id : H Nak
Aircraft reg: N923US Flight id: 
No:     
- #MD,230076,300M41.PMD,230088,300M43.LANDO,230099,300M43.AVE,230121,300M43/WD240,HRRBR,230058.CURIV,230059.DECAS,230059.PMD,230088.LANDO,230094.AVE,230119/DD300230115.240230119.180240090.120250033:,,,,1016978C


[#2 (F:130.025 L:-26 E:0) 16/04/2018 18:00:12.607 --------------------------------
Mode : 2 Label : H1 Id : I Ack : 5
Aircraft reg: N923US Flight id: 
No:     
- #MDPOS/RFDECAS.PMD.LANDO.AVE0AC4


[#2 (F:130.025 L:-27 E:0) 16/04/2018 18:00:18.424 --------------------------------
Mode : 2 Label : _d Id : J Ack : 7
Aircraft reg: N923US Flight id: 
No:     

[#2 (F:130.025 L:-28 E:1) 16/04/2018 18:00:24.732 --------------------------------
Mode : 2 Label : _d Id : K Ack : 8
Aircraft reg: N923US Flight id: 
No:     

[#2 (F:130.025 L:-27 E:2) 16/04/2018 18:00:25.469 --------------------------------
Mode : 2 Label : _d Id : Q Ack : 0
Aircraft reg: N534UW Flight id: 
No:     

[#2 (F:130.025 L:-26 E:0) 16/04/2018 18:00:37.510 --------------------------------
Mode : 2 Label : 4P Id : A Ack : 5
Aircraft reg: C-FYIY Flight id: 
No:     
-// WXX PA01         16APR/1800          C-FYIY/252/RV1827
AWDSA/M/PSP/ONT/SAN/LAS/LAX                                      18/04/16 18:00
PSP  SA 161753Z 00000KT 10SM CLR 26/M04 A2987 RMK AO2 SLP112 T02611039 10261
 
ETB

[#2 (F:130.025 L:-26 E:0) 16/04/2018 18:00:45.374 --------------------------------
Mode : 2 Label : 4P Id : B Nak
Aircraft reg: C-FYIY Flight id: 
No:     
       20167 53002
ONT  SA 161753Z 25008G16KT 10SM BKN033 BKN200 17/08 A3002 RMK AO2 SLP158
        T01670078 10172 20100 53002
SAN  SA 161751Z 28004KT 10SM SCT022 SCT030 BKN080 BKN140 BKN250 17/11 A3006
        RMK 
ETB

[#2 (F:130.025 L:-26 E:1) 16/04/2018 18:00:51.598 --------------------------------
Mode : 2 Label : 4P Id : C Nak
Aircraft reg: C-FYIY Flight id: 
No:     
AO2 SLP179 T01720106 10178 20150 51009
LAS  SA 161756Z 16012G22KT 130V200 10SM FEW250 23/M06 A2979 RMK AO2 SLP069
        T02281056 10228 20189 55001
LAX  SA 161753Z 27018KT 9SM SCT017 SCT160 16/07 A3004 RMK AO2 SLP17
ETB

[#2 (F:130.025 L:-26 E:0) 16/04/2018 18:00:58.725 --------------------------------
Mode : 2 Label : 4P Id : D Nak
Aircraft reg: C-FYIY Flight id: 
No:     
3 T01610067
        10161 20128 53013
END


[#2 (F:130.025 L:-27 E:0) 16/04/2018 18:01:01.673 --------------------------------
Mode : 2 Label : _d Id : U Ack : 7
Aircraft reg: N478WN Flight id: 
No:     

[#2 (F:130.025 L:-26 E:1) 16/04/2018 18:01:02.821 --------------------------------
Mode : 2 Label : A9 Id : Q Nak
Aircraft reg: XA-IJA Flight id: 
No:     
...ADVS YOU
HAVE INFO Z.9E34


[#2 (F:130.025 L:-26 E:1) 16/04/2018 18:01:03.312 --------------------------------
Mode : 2 Label : A9 Id : Z Nak
Aircraft reg: C-FYJG Flight id: 
No:     
DEPARTING RWY 7L. NOTAMS... TWY T CLSD BTN TWY E AND TWY C
TWY D CLSD BTN TWY S AND INT D9. MULT CRANES INVOF ARPT. BIRD ACTIVITY INVOF
ARPT. READBACK HOLD SHORT INSTRUCTIONS. ...ADVS YOU HAVE INFO Z.530B


[#2 (F:130.025 L:-26 E:1) 16/04/2018 18:01:11.914 --------------------------------
Mode : 2 Label : A9 Id : Q Nak
Aircraft reg: XA-IJA Flight id: 
No:     
...ADVS YOU
HAVE INFO Z.9E34


[#2 (F:130.025 L:-28 E:0) 16/04/2018 18:01:21.907 --------------------------------
Mode : 2 Label : _d Id : S Ack : 2
Aircraft reg: N956WN Flight id: 
No:     

[#2 (F:130.025 L:-26 E:1) 16/04/2018 18:01:24.282 --------------------------------
Mode : 2 Label : 11 Id : T Nak
Aircraft reg: N956WN Flight id: 
No:     
LDR01,KPHX LANDING DATA,FLT     WIND       LDW
1783    000/00G--  116.2
TIME    OAT/DEW  08     
1801Z   026/-09
        QNH
        29.91
 
REMARKS
CK WING FROST IF FUEL
TEMP LESS THAN -4
 
 
 
 
08       
ETB

[#2 (F:130.025 L:-28 E:0) 16/04/2018 18:01:25.756 --------------------------------
Mode : 2 Label : _d Id : E Ack : 0
Aircraft reg: C-FYIY Flight id: 
No:     

[#2 (F:130.025 L:-26 E:2) 16/04/2018 18:01:41.648 --------------------------------
Mode : 2 Label : 4P Id : H Nak
Aircraft reg: C-FYIY Flight id: 
No:     
SHRA
        BKN020 OVC040
        FM170200 27012G22KT P6SM BKN060 TEMPO 1702/1706 5SM -SNRA BR BKN015
        OVC040
        FM170600 27010G20KT 4SM -SHSN BKN020 OVC060 BECMG 1710/1712 27015G25KT
        FM171900 2
ETB

[#1 (F:131.550 L:-23 E:0) 16/04/2018 18:01:58.849 --------------------------------
Mode : 2 Label : SQ 
X13326N11200WV136975/ARINC

[#2 (F:130.025 L:-27 E:0) 16/04/2018 18:02:09.170 --------------------------------
Mode : 2 Label : _d Id : O Ack : 8
Aircraft reg: N561WN Flight id: 
No:     

[#2 (F:130.025 L:-27 E:0) 16/04/2018 18:02:15.559 --------------------------------
Mode : 2 Label : _d Id : P Ack : 9
Aircraft reg: N561WN Flight id: 
No:     

[#2 (F:130.025 L:-26 E:2) 16/04/2018 18:02:20.965 --------------------------------
Mode : 2 Label : H1 Id : 0 Nak
Aircraft reg: N3732J Flight id: DL2877
No: D40C
#DFB4  506  500  536  537  529  458  463  458
  510  510  509  519  518  518  529  528  528  533  532  532
  510  509  508  518  518  517  528  528  528  532  532  531
 6178 6178 6181 6237 6241 6213 6144 614
ETB

[#2 (F:130.025 L:-27 E:0) 16/04/2018 18:02:25.143 --------------------------------
Mode : 2 Label : H1 Id : 1 Nak
Aircraft reg: N3732J Flight id: DL2877
No: D40D
#DFB4 6144 6144 6144 6141 417072 4
18329 425275 407906----0011

[#2 (F:130.025 L:-25 E:0) 16/04/2018 18:02:26.945 --------------------------------
Mode : 2 Label : H1 Id : 9 Nak
Aircraft reg: N926AN Flight id: AA1084
No: D04A
#DFBTRP 180213  33.4604 -112.0789  21 130.6 151   9877 0.05709
   4.00  -39.38 1.090  0.877  0.024  0.004  22  2 ++ ++ 144 8    5971


[#2 (F:130.025 L:-27 E:0) 16/04/2018 18:02:33.908 --------------------------------
Mode : 2 Label : _d Id : K Ack : 9
Aircraft reg: N926AN Flight id: 
No:     

[#2 (F:130.025 L:-28 E:0) 16/04/2018 18:02:39.150 --------------------------------
Mode : 2 Label : _d Id : V Ack : 5
Aircraft reg: N956WN Flight id: 
No:     

[#2 (F:130.025 L:-28 E:0) 16/04/2018 18:02:45.949 --------------------------------
Mode : 2 Label : _d Id : W Ack : 6
Aircraft reg: N956WN Flight id: 
No:     

[#2 (F:130.025 L:-26 E:1) 16/04/2018 18:02:58.809 --------------------------------
Mode : 2 Label : 40 Id : V Nak
Aircraft reg: N478WN Flight id: 
No:     
FTX01,052AUO,W0:3IU8
8MM23,6W4SKMMK36TTTLD3,.Q30WS3)MYG23GAE43/MY3MK3JLTDLL


[#2 (F:130.025 L:-27 E:0) 16/04/2018 18:03:06.836 --------------------------------
Mode : 2 Label : _d Id : O Ack : 9
Aircraft reg: N493WN Flight id: 
No:     

[#2 (F:130.025 L:-26 E:1) 16/04/2018 18:03:18.714 --------------------------------
Mode : 2 Label : 11 Id : Q Nak
Aircraft reg: N493WN Flight id: 
No:     
25L                11090
FLAPS 30                
VREF/VTGT        18H/03R
 130/139 +9    AB2  4363
MRLW 128.0/S   AB3  5617
 LDW 123.6     ABM  6903
 
24R                 8885
FLAPS 30                
VREF/VTGT
ETB

[#2 (F:130.025 L:-26 E:0) 16/04/2018 18:03:26.249 --------------------------------
Mode : 2 Label : 4P Id : A Nak
Aircraft reg: C-FYJG Flight id: 
No:     
-// PNT PA01 Q1A0025 16APR/1803          C-FYJG/256/RV1890
GOVT TURBULENCE SIGMET OSCAR 2 ISSUED 16/1556Z
VALID 16/1556Z TO 16/1956Z
ALT: FL080 TO FL170
FIRS: KZLC,KZLA

DETAIL
SIGMET OSCAR 2 VALID UNTIL 161956
C
ETB

[#2 (F:130.025 L:-26 E:0) 16/04/2018 18:03:27.805 --------------------------------
Mode : 2 Label : 11 Id : R Nak
Aircraft reg: N493WN Flight id: 
No:     
        18H/03R
 130/139 +9    AB2  2137
MRLW 128.0/S   AB3  3412
 LDW 123.6     ABM  4698
 


[#2 (F:130.025 L:-26 E:2) 16/04/2018 18:03:33.540 --------------------------------
Mode : 2 Label : 4P Id : B Nak
Aircraft reg: C-FYJG Flight id: 
No:     
A NV UT AZ
FROM 20WNW ILC TO 50N PGS TO 40SSW TRM TO 50NE EHF TO 20WNW ILC
OCNL SEV TURB BTN 080 AND 170. DUE TO STG LOW LVL WNDS AND WNDSHR
ASSOCD WITH JTST AND MTN WV ACT. RPTD BY ACFT. CONDS CONTG BYD
1956Z

DX 
ETB

[#2 (F:130.025 L:-27 E:1) 16/04/2018 18:03:41.159 --------------------------------
Mode : 2 Label : 4P Id : C Nak
Aircraft reg: C-FYJG Flight id: 
No:     
JAMES
END


[#1 (F:131.550 L:-23 E:0) 16/04/2018 18:03:43.942 --------------------------------
Mode : 2 Label : SQ 
X13326N11200WV136975/ARINC

[#2 (F:130.025 L:-28 E:0) 16/04/2018 18:03:44.434 --------------------------------
Mode : 2 Label : _d Id : L Ack : 0
Aircraft reg: N926AN Flight id: 
No:     

[#2 (F:130.025 L:-26 E:0) 16/04/2018 18:03:49.760 --------------------------------
Mode : 2 Label : :; Id : M Ack : 1
Aircraft reg: N926AN Flight id: 
No:     
129125

[#2 (F:130.025 L:-27 E:0) 16/04/2018 18:04:06.306 --------------------------------
Mode : 2 Label : _d Id : T Ack : 5
Aircraft reg: N765US Flight id: 
No:     

[#2 (F:130.025 L:-28 E:0) 16/04/2018 18:04:13.432 --------------------------------
Mode : 2 Label : _d Id : R Ack : 1
Aircraft reg: XA-IJA Flight id: 
No:     

[#2 (F:130.025 L:-28 E:0) 16/04/2018 18:04:22.525 --------------------------------
Mode : 2 Label : _d Id : V Ack : 9
Aircraft reg: N452WN Flight id: 
No:     

[#2 (F:130.025 L:-27 E:0) 16/04/2018 18:04:29.077 --------------------------------
Mode : 2 Label : :; Id : L Nak
Aircraft reg: N923US Flight id: 
No:     
129525

[#2 (F:130.025 L:-27 E:1) 16/04/2018 18:04:29.896 --------------------------------
Mode : 2 Label : _d Id : W Ack : 0
Aircraft reg: N452WN Flight id: 
No:     

[#2 (F:130.025 L:-27 E:0) 16/04/2018 18:04:46.689 --------------------------------
Mode : 2 Label : _d Id : S Ack : 3
Aircraft reg: N493WN Flight id: 
No:     

[#2 (F:130.025 L:-27 E:0) 16/04/2018 18:04:53.487 --------------------------------
Mode : 2 Label : _d Id : T Ack : 4
Aircraft reg: N493WN Flight id: 
No:     

[#2 (F:130.025 L:-27 E:0) 16/04/2018 18:05:01.678 --------------------------------
Mode : 2 Label : _d Id : W Ack : 9
Aircraft reg: N478WN Flight id: 
No:     

[#1 (F:131.550 L:-23 E:0) 16/04/2018 18:05:13.310 --------------------------------
Mode : 2 Label : 14 Id : F Ack : 3
Aircraft reg: N792XJ Flight id: 
No:     
(2/ABA


[#2 (F:130.025 L:-27 E:0) 16/04/2018 18:05:19.782 --------------------------------
Mode : 2 Label : :; Id : U Nak
Aircraft reg: N765US Flight id: 
No:     
131550

[#1 (F:131.550 L:-23 E:2) 16/04/2018 18:05:19.618 --------------------------------
Mode : 2 Label : 14 Id : G Nak
Aircraft reg: N792XJ Flight id: 
No:     
(2AANK
16-APR-18 18:05Z)
OAK ARR/DEP DATIS RPT)
OAK ATIS INFO R 1753Z.)
22010KT 10SM FEW010 BKN035TCU BKN080 OVC130 12/06 A3002 (UTHREE ZERO)
ZERO TWO(V RMK TCU E.)
ILS (F VA RWYS 30 AND 28R.)
FLOW CONTROL TO LAX,
ETB

[#2 (F:130.025 L:-26 E:0) 16/04/2018 18:05:23.304 --------------------------------
Mode : 2 Label : 40 Id : X Ack : 1
Aircraft reg: N452WN Flight id: 
No:     
GAR03,08OR21SXSXSXSISISOW5JN9.S


[#1 (F:131.550 L:-23 E:1) 16/04/2018 18:05:26.581 --------------------------------
Mode : 2 Label : 14 Id : H Nak
Aircraft reg: N792XJ Flight id: 
No:     
 SEA . CTC CD FOR INFO.)
FICON NOTAMS IN EFCT.)
RWYS 30/28L/28R/33 CODE 5-5-5 0153Z.)
CAUTION, BIRDS NEAR AIRPORT.)
...ADVS YOU HAVE INFO R.)
(Z

[#2 (F:130.025 L:-27 E:0) 16/04/2018 18:05:30.677 --------------------------------
Mode : 2 Label : _d Id : Y Ack : 2
Aircraft reg: N452WN Flight id: 
No:     

[#2 (F:130.025 L:-27 E:0) 16/04/2018 18:05:36.574 --------------------------------
Mode : 2 Label : _d Id : R Ack : 1
Aircraft reg: N534UW Flight id: 
No:     

[#1 (F:131.550 L:-23 E:0) 16/04/2018 18:05:36.492 --------------------------------
Mode : 2 Label : 14 Id : H Nak
Aircraft reg: N792XJ Flight id: 
No:     
 SEA . CTC CD FOR INFO.)
FICON NOTAMS IN EFCT.)
RWYS 30/28L/28R/33 CODE 5-5-5 0153Z.)
CAUTION, BIRDS NEAR AIRPORT.)
...ADVS YOU HAVE INFO R.)
(Z

[#2 (F:130.025 L:-27 E:1) 16/04/2018 18:05:42.636 --------------------------------
Mode : 2 Label : _d Id : S Ack : 2
Aircraft reg: N534UW Flight id: 
No:     

[#2 (F:130.025 L:-26 E:0) 16/04/2018 18:05:49.353 --------------------------------
Mode : 2 Label : 41 Id : A Ack : 2
Aircraft reg: N452WN Flight id: 
No:     
VIDED,
SIMUL VISUAL APCHS TO
ALL RWYS ARE IN PROG,
AND SIMUL APCHS IN PROG
BTWN LAX AND HHR, SIMUL
INSTR DEPARTURES IN
PROG RWYS 24 AND 25.
CTC L A GC ON 121.4 FOR
PUSH ON TAXILANE S AND
PUSH OR TAXI ON A.
NOTA
ETB

[#2 (F:130.025 L:-27 E:0) 16/04/2018 18:05:50.582 --------------------------------
Mode : 2 Label : _d Id : T Ack : 3
Aircraft reg: N534UW Flight id: 
No:     

[#2 (F:130.025 L:-27 E:0) 16/04/2018 18:05:56.807 --------------------------------
Mode : 2 Label : _d Id : U Ack : 4
Aircraft reg: N534UW Flight id: 
No:     

[#1 (F:131.550 L:-24 E:0) 16/04/2018 18:06:01.066 --------------------------------
Mode : 2 Label : _d Id : I Ack : 7
Aircraft reg: N792XJ Flight id: 
No:     

[#2 (F:130.025 L:-25 E:0) 16/04/2018 18:06:04.671 --------------------------------
Mode : 2 Label : 41 Id : C Ack : 4
Aircraft reg: N452WN Flight id: 
No:     
CH.
USE CAUTION FOR HANG
GLIDING 1 MILE SOUTH
LOS ANGELES VOR.
INCLUDE YOUR CALL SIGN
IN ALL READBACKS. UPON
RECEIPT OF YOUR ATC
CLNC REED BACK ONLY
YOUR SQUAWK CODE.
...ADVS YOU HAVE INFO
X. 


[#1 (F:131.550 L:-24 E:0) 16/04/2018 18:06:20.724 --------------------------------
Mode : 2 Label : _d Id : J Ack : 7
Aircraft reg: N792XJ Flight id: 
No:     

[#2 (F:130.025 L:-27 E:1) 16/04/2018 18:06:24.657 --------------------------------
Mode : 2 Label : _d Id : D Ack : 5
Aircraft reg: C-FYJG Flight id: 
No:     

[#2 (F:130.025 L:-26 E:0) 16/04/2018 18:06:39.647 --------------------------------
Mode : 2 Label : C1 Id : Y Nak
Aircraft reg: N534UW Flight id: 
No:     
APPROACH LIGHT SYSTEM OTS 7 TO 12 ZULU, MONDAY
THROUGH SATURDAY. GROUP THREE AIRCRAFT ADVISE GROUND CONTROL ON INITIAL CONTACT
IF BACK TAXI ON RUNWAY 27 IS REQUIRED FOR DEPARTURE FROM BRAVO ONE. NO AIRCRAFT
MOVEMENT F
ETB

[#2 (F:130.025 L:-28 E:0) 16/04/2018 18:06:41.203 --------------------------------
Mode : 2 Label : _d Id : F Ack : 7
Aircraft reg: C-FYJG Flight id: 
No:     

[#2 (F:130.025 L:-28 E:0) 16/04/2018 18:06:48.821 --------------------------------
Mode : 2 Label : _d Id : G Ack : 8
Aircraft reg: C-FYJG Flight id: 
No:     

[#2 (F:130.025 L:-28 E:1) 16/04/2018 18:06:54.555 --------------------------------
Mode : 2 Label : _d Id : H Ack : 9
Aircraft reg: C-FYJG Flight id: 
No:     

[#2 (F:130.025 L:-26 E:0) 16/04/2018 18:07:05.123 --------------------------------
Mode : 2 Label : 40 Id : B Nak
Aircraft reg: N534UW Flight id: 
No:     
FLT 1744  ARR SAN   
ARR 25  BAG 1    
FLT  ETD  DEST        GATE
6079 SKED LOS ANGELES 32   AX
THE ADMIRALS CLUB IS LOCATED  
IN TERMINAL TOWARDS BAG CLAIM 
END


[#2 (F:130.025 L:-28 E:0) 16/04/2018 18:07:06.433 --------------------------------
Mode : 2 Label : _d Id : X Ack : 7
Aircraft reg: N956WN Flight id: 
No:     

[#2 (F:130.025 L:-28 E:0) 16/04/2018 18:07:23.144 --------------------------------
Mode : 2 Label : _d Id : X Ack : 0
Aircraft reg: N478WN Flight id: 
No:     

[#2 (F:130.025 L:-28 E:0) 16/04/2018 18:07:25.847 --------------------------------
Mode : 2 Label : _d Id : I Ack : 0
Aircraft reg: C-FYJG Flight id: 
No:     

[#2 (F:130.025 L:-28 E:0) 16/04/2018 18:07:30.679 --------------------------------
Mode : 2 Label : _d Id : Y Ack : 1
Aircraft reg: N478WN Flight id: 
No:     

[#2 (F:130.025 L:-28 E:0) 16/04/2018 18:07:37.642 --------------------------------
Mode : 2 Label : _d Id : T Ack : 0
Aircraft reg: XA-LHG Flight id: 
No:     

[#2 (F:130.025 L:-28 E:0) 16/04/2018 18:07:44.687 --------------------------------
Mode : 2 Label : _d Id : J Ack : 0
Aircraft reg: C-FYJG Flight id: 
No:     

[#2 (F:130.025 L:-28 E:0) 16/04/2018 18:07:51.568 --------------------------------
Mode : 2 Label : _d Id : K Ack : 1
Aircraft reg: C-FYJG Flight id: 
No:     

[#2 (F:130.025 L:-28 E:0) 16/04/2018 18:08:05.164 --------------------------------
Mode : 2 Label : _d Id : M Ack : 3
Aircraft reg: C-FYJG Flight id: 
No:     

[#2 (F:130.025 L:-28 E:0) 16/04/2018 18:08:07.541 --------------------------------
Mode : 2 Label : _d Id : Y Ack : 8
Aircraft reg: N956WN Flight id: 
No:     

[#1 (F:131.550 L:-23 E:0) 16/04/2018 18:08:09.015 --------------------------------
Mode : 2 Label : SQ 
X13326N11200WV136975/ARINC

[#2 (F:130.025 L:-28 E:1) 16/04/2018 18:08:12.046 --------------------------------
Mode : 2 Label : _d Id : O Ack : 0
Aircraft reg: C-FYKC Flight id: 
No:     

[#2 (F:130.025 L:-28 E:0) 16/04/2018 18:08:25.975 --------------------------------
Mode : 2 Label : _d Id : P Ack : 0
Aircraft reg: C-FYKC Flight id: 
No:     

[#2 (F:130.025 L:-28 E:0) 16/04/2018 18:08:35.316 --------------------------------
Mode : 2 Label : _d Id : C Ack : 5
Aircraft reg: N558UW Flight id: 
No:     

[#2 (F:130.025 L:-26 E:3) 16/04/2018 18:08:45.725 --------------------------------
Mode : 2 Label : 11 Id : E Nak
Aircraft reg: N452WN Flight id: 
No:     
LDR01,KLAX LANDING DATA,FLT     WIND       LDW
1595    258/18G--  125.9
TIME    OAT/DEW  24R    
1808Z   016/007  24L    
        QNH      25L    
        30.03
 
REMARKS
CK WING FROST IF FUEL
TEMP LESS THAN +5
ETB

[#2 (F:130.025 L:-28 E:1) 16/04/2018 18:09:07.438 --------------------------------
Mode : 2 Label : _d Id : A Ack : 0
Aircraft reg: N956WN Flight id: 
No:     

[#2 (F:130.025 L:-26 E:1) 16/04/2018 18:09:10.716 --------------------------------
Mode : 2 Label : 11 Id : G Ack : 9
Aircraft reg: N452WN Flight id: 
No:     
  
VREF/VTGT        18H/03R
 131/140 +9    AB2  2621
MRLW 128.0/S   AB3  3924
 LDW 125.9     ABM  5238
 
25L                11090
FLAPS 30                
VREF/VTGT        18H/03R
 131/140 +9    AB2  4261
MRLW 
ETB

[#2 (F:130.025 L:-26 E:2) 16/04/2018 18:09:17.272 --------------------------------
Mode : 2 Label : 41 Id : B Ack : 1
Aircraft reg: N956WN Flight id: 
No:     
WRD01, SFO D-ATIS U
SFO ATIS INFO U 1756Z.
21008KT 10SM FEW032
SCT050 BKN070 12/04
A3002 (THREE ZERO ZERO
TWO). SIMO CLSLY SPCD
DPNDNT ILS RY 28R AND
ILS RY 28L APPS IN USE.
LNDG RWYS 28L, 28R.
DEPG RWYS 28L, 28
ETB

[#2 (F:130.025 L:-28 E:0) 16/04/2018 18:09:25.956 --------------------------------
Mode : 2 Label : _d Id : O Ack : 0
Aircraft reg: N182UW Flight id: 
No:     

[#2 (F:130.025 L:-26 E:2) 16/04/2018 18:09:28.415 --------------------------------
Mode : 2 Label : 11 Id : H Ack : 9
Aircraft reg: N452WN Flight id: 
No:     
128.0/S   AB3  5546
 LDW 125.9     ABM  6860
 


[#2 (F:130.025 L:-28 E:0) 16/04/2018 18:09:30.544 --------------------------------
Mode : 2 Label : _d Id : U Ack : 5
Aircraft reg: N493WN Flight id: 
No:     

[#2 (F:130.025 L:-27 E:0) 16/04/2018 18:09:33.003 --------------------------------
Mode : 2 Label : :; Id : C Nak
Aircraft reg: N534UW Flight id: 
No:     
131550

[#2 (F:130.025 L:-26 E:1) 16/04/2018 18:09:34.396 --------------------------------
Mode : 2 Label : 41 Id : D Nak
Aircraft reg: N956WN Flight id: 
No:     
. ASSC IN
USE ACTVT TRNSPNDR WITH
MODE C ON ALL TYS AND
RWYS. READBACK OF ALL
RWY HOLDING
INSTRUCTIONS IS
REQUIRED. ALL ACFT ARE
RQRD TO INCL ACFT CLSGN
IN ALL RDBKS AND
ACKMTS. 150 FOOT CRANE
2 MILES WSW, 365 
ETB

[#2 (F:130.025 L:-28 E:1) 16/04/2018 18:09:51.192 --------------------------------
Mode : 2 Label : _d Id : P Ack : 1
Aircraft reg: N182UW Flight id: 
No:     

[#1 (F:131.550 L:-23 E:0) 16/04/2018 18:09:54.796 --------------------------------
Mode : 2 Label : SQ 
X13326N11200WV136975/ARINC

[#2 (F:130.025 L:-28 E:0) 16/04/2018 18:09:57.664 --------------------------------
Mode : 2 Label : _d Id : Q Ack : 2
Aircraft reg: N182UW Flight id: 
No:     

[#2 (F:130.025 L:-28 E:2) 16/04/2018 18:10:04.219 --------------------------------
Mode : 2 Label : _d Id : R Ack : 3
Aircraft reg: N182UW Flight id: 
No:     

[#2 (F:130.025 L:-28 E:1) 16/04/2018 18:10:07.742 --------------------------------
Mode : 2 Label : _d Id : D Ack : 7
Aircraft reg: N6700 Flight id: 
No:     

[#2 (F:130.025 L:-28 E:1) 16/04/2018 18:10:08.888 --------------------------------
Mode : 2 Label : _d Id : O Ack : 5
Aircraft reg: C-FYJG Flight id: 
No:     

[#2 (F:130.025 L:-28 E:1) 16/04/2018 18:10:18.721 --------------------------------
Mode : 2 Label : _d Id : S Ack : 4
Aircraft reg: N182UW Flight id: 
No:     

[#2 (F:130.025 L:-28 E:1) 16/04/2018 18:10:52.394 --------------------------------
Mode : 2 Label : _d Id : F Ack : 6
Aircraft reg: N956WN Flight id: 
No:     

[#2 (F:130.025 L:-28 E:0) 16/04/2018 18:10:59.767 --------------------------------
Mode : 2 Label : _d Id : E Ack : 7
Aircraft reg: N558UW Flight id: 
No:     

[#2 (F:130.025 L:-28 E:1) 16/04/2018 18:11:11.974 --------------------------------
Mode : 2 Label : _d Id : G Ack : 9
Aircraft reg: N558UW Flight id: 
No:     

[#1 (F:131.550 L:-23 E:0) 16/04/2018 18:11:43.023 --------------------------------
Mode : 2 Label : SQ 
X13326N11200WV136975/ARINC

[#2 (F:130.025 L:-28 E:0) 16/04/2018 18:11:44.579 --------------------------------
Mode : 2 Label : _d Id : T Ack : 5
Aircraft reg: N182UW Flight id: 
No:     

[#2 (F:130.025 L:-27 E:0) 16/04/2018 18:12:09.648 --------------------------------
Mode : 2 Label : H1 Id : V Nak
Aircraft reg: N493WN Flight id: 
No:     
- #M1REQIDL562A


[#2 (F:130.025 L:-28 E:1) 16/04/2018 18:12:20.462 --------------------------------
Mode : 2 Label : _d Id : W Ack : 7
Aircraft reg: N493WN Flight id: 
No:     

[#2 (F:130.025 L:-28 E:1) 16/04/2018 18:12:27.835 --------------------------------
Mode : 2 Label : _d Id : X Ack : 8
Aircraft reg: N493WN Flight id: 
No:     

[#2 (F:130.025 L:-28 E:1) 16/04/2018 18:12:35.044 --------------------------------
Mode : 2 Label : _d Id : Y Ack : 9
Aircraft reg: N493WN Flight id: 
No:     

[#2 (F:130.025 L:-27 E:0) 16/04/2018 18:12:42.170 --------------------------------
Mode : 2 Label : _d Id : Z Ack : 0
Aircraft reg: N493WN Flight id: 
No:     

[#2 (F:130.025 L:-26 E:1) 16/04/2018 18:13:00.357 --------------------------------
Mode : 2 Label : H1 Id : B Nak
Aircraft reg: N493WN Flight id: 
No:     
- #M1PWI/DD330225088.120233061.050231012:,,,P7,10176CF2


[#2 (F:130.025 L:-28 E:0) 16/04/2018 18:13:22.721 --------------------------------
Mode : 2 Label : _d Id : G Ack : 7
Aircraft reg: N956WN Flight id: 
No:     

[#1 (F:131.550 L:-23 E:0) 16/04/2018 18:13:32.469 --------------------------------
Mode : 2 Label : SQ 
X13326N11200WV136975/ARINC

[#2 (F:130.025 L:-27 E:0) 16/04/2018 18:13:39.679 --------------------------------
Mode : 2 Label : _d Id : M Ack : 3
Aircraft reg: XA-VLC Flight id: 
No:     

[#1 (F:131.550 L:-26 E:1) 16/04/2018 18:13:55.817 --------------------------------
Mode : 2 Label : Q0 Id : 9 Nak
Aircraft reg: C-FYJG Flight id: RV1890
No: S78A

[#1 (F:131.550 L:-24 E:0) 16/04/2018 18:14:00.650 --------------------------------
Mode : 2 Label : _d Id : R Ack : 9
Aircraft reg: C-FYJG Flight id: 
No:     

[#2 (F:130.025 L:-28 E:0) 16/04/2018 18:14:12.693 --------------------------------
Mode : 2 Label : _d Id : Y Ack : 3
Aircraft reg: N460UA Flight id: 
No:     

[#2 (F:130.025 L:-28 E:0) 16/04/2018 18:14:14.168 --------------------------------
Mode : 2 Label : _d Id : Z Ack : 6
Aircraft reg: N411UA Flight id: 
No:     

[#2 (F:130.025 L:-28 E:0) 16/04/2018 18:14:20.475 --------------------------------
Mode : 2 Label : _d Id : A Ack : 7
Aircraft reg: N411UA Flight id: 
No:     

[#2 (F:130.025 L:-27 E:0) 16/04/2018 18:14:26.701 --------------------------------
Mode : 2 Label : _d Id : B Ack : 8
Aircraft reg: N411UA Flight id: 
No:     

[#2 (F:130.025 L:-28 E:0) 16/04/2018 18:14:34.156 --------------------------------
Mode : 2 Label : _d Id : C Ack : 9
Aircraft reg: N411UA Flight id: 
No:     

[#2 (F:130.025 L:-26 E:0) 16/04/2018 18:14:59.632 --------------------------------
Mode : 2 Label : RA Id : M Nak
Aircraft reg: N921FJ Flight id: 
No:     
RECIATED. THANK YOU.



[#2 (F:130.025 L:-27 E:0) 16/04/2018 18:15:08.643 --------------------------------
Mode : 2 Label : _d Id : C Ack : 3
Aircraft reg: N493WN Flight id: 
No:     

[#2 (F:130.025 L:-28 E:0) 16/04/2018 18:15:09.954 --------------------------------
Mode : 2 Label : _d Id : E Ack : 8
Aircraft reg: N6700 Flight id: 
No:     

[#2 (F:130.025 L:-28 E:0) 16/04/2018 18:15:38.298 --------------------------------
Mode : 2 Label : _d Id : F Ack : 9
Aircraft reg: N6700 Flight id: 
No:     

[#1 (F:131.550 L:-23 E:0) 16/04/2018 18:15:49.193 --------------------------------
Mode : 2 Label : SQ 
X13326N11200WV136975/ARINC

[#1 (F:131.550 L:-23 E:0) 16/04/2018 18:16:50.057 --------------------------------
Mode : 2 Label : 14 Id : K Nak
Aircraft reg: N792XJ Flight id: 
No:     
(2AANL
NO SIG WX ENRT. MOD TURB)
POSS DURD BTN FL270 -)
140.)
KOAK ATIS INFO R 1753Z.)
22010KT 10SM FEW010)
BKN035TCU BKN080 OVC130)
12/06 A3002 RMK TCU E.)
ILS (F VA RWYS 30 AND 28R.)
FLOW CONTROL TO LAX, SEA)
ETB

[#1 (F:131.550 L:-23 E:1) 16/04/2018 18:16:56.693 --------------------------------
Mode : 2 Label : 14 Id : L Nak
Aircraft reg: N792XJ Flight id: 
No:     

. CTC CD FOR INFO. FICON)
NOTAMS IN EFCT. RWYS)
30/28L/28R/33 CODE 5-5-5)
0153Z. CAUTION, BIRDS)
NEAR AIRPORT.)
...ADVS YOU HAVE INFO R.(Z

[#2 (F:130.025 L:-28 E:0) 16/04/2018 18:16:57.430 --------------------------------
Mode : 2 Label : _d Id : A Ack : 4
Aircraft reg: N460UA Flight id: 
No:     

[#2 (F:130.025 L:-26 E:1) 16/04/2018 18:16:58.413 --------------------------------
Mode : 2 Label : 25 Id : H Ack : 1
Aircraft reg: N6700 Flight id: 
No:     
          
PILOT ROT COMPLETE   TERM               
*CREW F*                                
 NOEL, JACQUES L     1767 1450  LAX  22 
 HANCOCK, BEATRICE   1767 1450  LAX  22 
 OCONNELL, PATRICI   1767 1450  LAX  22 
ETB

[#2 (F:130.025 L:-26 E:1) 16/04/2018 18:17:10.863 --------------------------------
Mode : 2 Label : 25 Id : J Nak
Aircraft reg: N6700 Flight id: 
No:     
43   LAX 35
1900  


[#1 (F:131.550 L:-24 E:0) 16/04/2018 18:17:25.770 --------------------------------
Mode : 2 Label : :; Id : R Ack : 1
Aircraft reg: N912WN Flight id: 
No:     
129125

[#1 (F:131.550 L:-25 E:0) 16/04/2018 18:17:26.179 --------------------------------
Mode : 2 Label : _d Id : M Ack : 0
Aircraft reg: N792XJ Flight id: 
No:     

[#2 (F:130.025 L:-28 E:0) 16/04/2018 18:17:37.648 --------------------------------
Mode : 2 Label : _d Id : V Ack : 2
Aircraft reg: XA-LHG Flight id: 
No:     

[#1 (F:131.550 L:-25 E:1) 16/04/2018 18:17:46.084 --------------------------------
Mode : 2 Label : _d Id : W Ack : 5
Aircraft reg: C-FYJG Flight id: 
No:     

[#2 (F:130.025 L:-26 E:3) 16/04/2018 18:17:58.780 --------------------------------
Mode : 2 Label : 25 Id : K Ack : 5
Aircraft reg: N6700 Flight id: 
No:     
42 LAX ATIS INFO X 1753Z.
27018KT 9SM SCT017
SCT160 16/07 A3004
(THREE ZERO ZERO FOUR)
RMK AO2 SLP173 10161
20128 53013. INST APCHS
IN PROG TO RY 24R AND
25L, OR VCTR FOR VISUAL
APCH WILL BE PROVIDED,
SIMUL VISU
ETB

[#2 (F:130.025 L:-26 E:0) 16/04/2018 18:18:16.966 --------------------------------
Mode : 2 Label : 25 Id : L Ack : 5
Aircraft reg: N6700 Flight id: 
No:     
AL APCHS TO
ALL RWYS ARE IN PROG,
AND SIMUL APCHS IN PROG
BTWN LAX AND HHR, SIMUL
INSTR DEPARTURES IN PROG
RWYS 24 AND 25. CTC L A
GC ON 121.4 FOR PUSH ON
TAXILANE S AND PUSH OR
TAXI ON A. NOTAMS... RWY
2 5 RIGH
ETB

[#2 (F:130.025 L:-26 E:1) 16/04/2018 18:18:24.009 --------------------------------
Mode : 2 Label : 25 Id : M Nak
Aircraft reg: N6700 Flight id: 
No:     
T 7 LEFT CLSD.
TWY G CLSD BTN TWY, H
AND TWY B   TWY M CLSD
TWY B16 CLSD TWY C CLSD
BTN TWY U AND TWY AA. RY
25L ALSF-2 OTS. BIRD
ACTIVITY VICINITY ARPT.
HAZD WX INFO FOR LAX
AREA AVBL FM FLT WATCH.
USE CAUTION 
ETB

[#2 (F:130.025 L:-26 E:1) 16/04/2018 18:18:33.675 --------------------------------
Mode : 2 Label : 25 Id : M Nak
Aircraft reg: N6700 Flight id: 
No:     
T 7 LEFT CLSD.
TWY G CLSD BTN TWY, H
AND TWY B   TWY M CLSD
TWY B16 CLSD TWY C CLSD
BTN TWY U AND TWY AA. RY
25L ALSF-2 OTS. BIRD
ACTIVITY VICINITY ARPT.
HAZD WX INFO FOR LAX
AREA AVBL FM FLT WATCH.
USE CAUTION 
ETB

[#2 (F:130.025 L:-28 E:0) 16/04/2018 18:18:36.870 --------------------------------
Mode : 2 Label : _d Id : M Ack : 3
Aircraft reg: N799AN Flight id: 
No:     

[#1 (F:131.550 L:-25 E:0) 16/04/2018 18:18:37.688 --------------------------------
Mode : 2 Label : _d Id : D Ack : 7
Aircraft reg: N1DW Flight id: 
No:     

[#1 (F:131.550 L:-25 E:0) 16/04/2018 18:18:59.886 --------------------------------
Mode : 2 Label : _d Id : E Ack : 8
Aircraft reg: N1DW Flight id: 
No:     

[#1 (F:131.550 L:-24 E:0) 16/04/2018 18:19:03.899 --------------------------------
Mode : 2 Label : _d Id : B Ack : 2
Aircraft reg: N203UW Flight id: 
No:     

[#2 (F:130.025 L:-28 E:0) 16/04/2018 18:19:09.061 --------------------------------
Mode : 2 Label : _d Id : H Ack : 8
Aircraft reg: N956WN Flight id: 
No:     

[#2 (F:130.025 L:-27 E:0) 16/04/2018 18:19:15.777 --------------------------------
Mode : 2 Label : _d Id : I Ack : 9
Aircraft reg: N956WN Flight id: 
No:     

[#1 (F:131.550 L:-24 E:0) 16/04/2018 18:19:20.447 --------------------------------
Mode : 2 Label : _d Id : C Ack : 2
Aircraft reg: N203UW Flight id: 
No:     

[#1 (F:131.550 L:-24 E:0) 16/04/2018 18:19:37.648 --------------------------------
Mode : 2 Label : _d Id : X Ack : 6
Aircraft reg: C-FYJG Flight id: 
No:     

[#1 (F:131.550 L:-24 E:0) 16/04/2018 18:19:44.692 --------------------------------
Mode : 2 Label : :; Id : S Ack : 2
Aircraft reg: N7858A Flight id: 
No:     
129125

[#2 (F:130.025 L:-28 E:2) 16/04/2018 18:19:47.560 --------------------------------
Mode : 2 Label : _d Id : B Ack : 1
Aircraft reg: N440UA Flight id: 
No:     

[#1 (F:131.550 L:-25 E:0) 16/04/2018 18:19:57.798 --------------------------------
Mode : 2 Label : _d Id : Y Ack : 7
Aircraft reg: C-FYJG Flight id: 
No:     

[#2 (F:130.025 L:-28 E:0) 16/04/2018 18:20:00.585 --------------------------------
Mode : 2 Label : _d Id : R Ack : 8
Aircraft reg: N404WN Flight id: 
No:     

[#1 (F:131.550 L:-17 E:0) 16/04/2018 18:20:03.041 --------------------------------
Mode : 2 Label : 44 Id : 2 Nak
Aircraft reg: N313QS Flight id: GS0313
No: M12A
00OFF03,N33258W112008,KPHX,KSDL,0416,1819,1824,005.2

[#1 (F:131.550 L:-24 E:0) 16/04/2018 18:20:06.482 --------------------------------
Mode : 2 Label : :; Id : Z Ack : 8
Aircraft reg: C-FYJG Flight id: 
No:     
129125

[#2 (F:130.025 L:-28 E:0) 16/04/2018 18:20:08.120 --------------------------------
Mode : 2 Label : _d Id : S Ack : 9
Aircraft reg: N404WN Flight id: 
No:     

[#2 (F:130.025 L:-28 E:1) 16/04/2018 18:20:08.612 --------------------------------
Mode : 2 Label : _d Id : R Ack : 1
Aircraft reg: N561WN Flight id: 
No:     

[#1 (F:131.550 L:-24 E:0) 16/04/2018 18:20:09.103 --------------------------------
Mode : 2 Label : _d Id : O Ack : 2
Aircraft reg: N313QS Flight id: 
No:     

[#1 (F:131.550 L:-16 E:0) 16/04/2018 18:20:11.478 --------------------------------
Mode : 2 Label : 44 Id : 3 Nak
Aircraft reg: N313QS Flight id: GS0313
No: M13A
00POS03,N33258W112005,015,KPHX,KSDL,0416,1819,1824,005.2

[#2 (F:130.025 L:-28 E:0) 16/04/2018 18:20:11.724 --------------------------------
Mode : 2 Label : _d Id : O Ack : 1
Aircraft reg: N6700 Flight id: 
No:     

[#2 (F:130.025 L:-28 E:1) 16/04/2018 18:20:15.820 --------------------------------
Mode : 2 Label : _d Id : S Ack : 2
Aircraft reg: N561WN Flight id: 
No:     

[#1 (F:131.550 L:-25 E:0) 16/04/2018 18:20:16.475 --------------------------------
Mode : 2 Label : _d Id : P Ack : 3
Aircraft reg: N313QS Flight id: 
No:     

[#1 (F:131.550 L:-25 E:0) 16/04/2018 18:20:47.684 --------------------------------
Mode : 2 Label : _d Id : B Ack : 1
Aircraft reg: C-FYJG Flight id: 
No:     

[#2 (F:130.025 L:-28 E:0) 16/04/2018 18:20:53.828 --------------------------------
Mode : 2 Label : _d Id : J Ack : 0
Aircraft reg: N956WN Flight id: 
No:     

[#2 (F:130.025 L:-28 E:0) 16/04/2018 18:21:00.709 --------------------------------
Mode : 2 Label : _d Id : K Ack : 1
Aircraft reg: N956WN Flight id: 
No:     

[#2 (F:130.025 L:-21 E:0) 16/04/2018 18:21:07.589 --------------------------------
Mode : 2 Label : _d Id : L Ack : 2
Aircraft reg: N956WN Flight id: 
No:     

[#1 (F:131.550 L:-20 E:0) 16/04/2018 18:21:08.409 --------------------------------
Mode : 2 Label : Q0 Id : 2 Nak
Aircraft reg: C-FYJG Flight id: RV1890
No: S88A

[#1 (F:131.550 L:-23 E:0) 16/04/2018 18:21:10.129 --------------------------------
Mode : 2 Label : _d Id : F Ack : 9
Aircraft reg: N1DW Flight id: 
No:     
